<?xml version="1.0" encoding="UTF-8"?>
<testng-results ignored="0" total="4" passed="2" failed="2" skipped="0">
  <reporter-output>
  </reporter-output>
  <suite started-at="2022-03-09T20:57:39Z" name="All Test Suite" finished-at="2022-03-09T20:59:25Z" duration-ms="105657">
    <groups>
    </groups>
    <test started-at="2022-03-09T20:57:39Z" name="/Users/dogukanmermutlu/IdeaProjects/BitesChallenge" finished-at="2022-03-09T20:59:25Z" duration-ms="105657">
      <class name="Cases">
        <test-method is-config="true" signature="setUp()[pri:0, instance:Cases@152aa092]" started-at="2022-03-09T20:57:39Z" name="setUp" finished-at="2022-03-09T20:57:45Z" duration-ms="6329" status="PASS">
          <reporter-output>
          </reporter-output>
        </test-method> <!-- setUp -->
        <test-method signature="loginSuccessCase(java.lang.String, java.lang.String)[pri:0, instance:Cases@152aa092]" started-at="2022-03-09T20:57:45Z" name="loginSuccessCase" finished-at="2022-03-09T20:57:53Z" duration-ms="7795" status="PASS">
          <params>
            <param index="0">
              <value>
                <![CDATA[biteschallenge@yopmail.com]]>
              </value>
            </param>
            <param index="1">
              <value>
                <![CDATA[!Q2w3e4r]]>
              </value>
            </param>
          </params>
          <reporter-output>
          </reporter-output>
        </test-method> <!-- loginSuccessCase -->
        <test-method is-config="true" signature="tearDown()[pri:0, instance:Cases@152aa092]" started-at="2022-03-09T20:57:53Z" name="tearDown" finished-at="2022-03-09T20:57:53Z" duration-ms="82" status="PASS">
          <reporter-output>
          </reporter-output>
        </test-method> <!-- tearDown -->
        <test-method is-config="true" signature="setUp()[pri:0, instance:Cases@152aa092]" started-at="2022-03-09T20:57:53Z" name="setUp" finished-at="2022-03-09T20:57:59Z" duration-ms="5724" status="PASS">
          <reporter-output>
          </reporter-output>
        </test-method> <!-- setUp -->
        <test-method signature="loginFailCaseInvalidCredentials(java.lang.String, java.lang.String)[pri:0, instance:Cases@152aa092]" started-at="2022-03-09T20:57:59Z" name="loginFailCaseInvalidCredentials" finished-at="2022-03-09T20:58:07Z" duration-ms="7799" status="FAIL">
          <params>
            <param index="0">
              <value>
                <![CDATA[adfasfsa@yopmail.com]]>
              </value>
            </param>
            <param index="1">
              <value>
                <![CDATA[!Q2w3e4r]]>
              </value>
            </param>
          </params>
          <exception class="java.lang.AssertionError">
            <message>
              <![CDATA[Authentication failed, either mail address or password is wrong ]]>
            </message>
            <full-stacktrace>
              <![CDATA[java.lang.AssertionError: Authentication failed, either mail address or password is wrong 
at org.junit.Assert.fail(Assert.java:88)
at org.junit.Assert.assertTrue(Assert.java:41)
at org.junit.Assert.assertFalse(Assert.java:64)
at Cases.loginFailCaseInvalidCredentials(Cases.java:76)
at java.base/jdk.internal.reflect.NativeMethodAccessorImpl.invoke0(Native Method)
at java.base/jdk.internal.reflect.NativeMethodAccessorImpl.invoke(NativeMethodAccessorImpl.java:64)
at java.base/jdk.internal.reflect.DelegatingMethodAccessorImpl.invoke(DelegatingMethodAccessorImpl.java:43)
at java.base/java.lang.reflect.Method.invoke(Method.java:564)
at org.testng.internal.MethodInvocationHelper.invokeMethod(MethodInvocationHelper.java:124)
at org.testng.internal.Invoker.invokeMethod(Invoker.java:583)
at org.testng.internal.Invoker.invokeTestMethod(Invoker.java:719)
at org.testng.internal.Invoker.invokeTestMethods(Invoker.java:989)
at org.testng.internal.TestMethodWorker.invokeTestMethods(TestMethodWorker.java:125)
at org.testng.internal.TestMethodWorker.run(TestMethodWorker.java:109)
at org.testng.TestRunner.privateRun(TestRunner.java:648)
at org.testng.TestRunner.run(TestRunner.java:505)
at org.testng.SuiteRunner.runTest(SuiteRunner.java:455)
at org.testng.SuiteRunner.access$000(SuiteRunner.java:40)
at org.testng.SuiteRunner$SuiteWorker.run(SuiteRunner.java:489)
at org.testng.internal.thread.ThreadUtil$1.call(ThreadUtil.java:52)
at java.base/java.util.concurrent.FutureTask.run(FutureTask.java:264)
at java.base/java.util.concurrent.ThreadPoolExecutor.runWorker(ThreadPoolExecutor.java:1130)
at java.base/java.util.concurrent.ThreadPoolExecutor$Worker.run(ThreadPoolExecutor.java:630)
at java.base/java.lang.Thread.run(Thread.java:832)
]]>
            </full-stacktrace>
          </exception> <!-- java.lang.AssertionError -->
          <reporter-output>
          </reporter-output>
        </test-method> <!-- loginFailCaseInvalidCredentials -->
        <test-method is-config="true" signature="tearDown()[pri:0, instance:Cases@152aa092]" started-at="2022-03-09T20:58:07Z" name="tearDown" finished-at="2022-03-09T20:58:07Z" duration-ms="88" status="PASS">
          <reporter-output>
          </reporter-output>
        </test-method> <!-- tearDown -->
        <test-method is-config="true" signature="setUp()[pri:0, instance:Cases@152aa092]" started-at="2022-03-09T20:58:07Z" name="setUp" finished-at="2022-03-09T20:58:12Z" duration-ms="4899" status="PASS">
          <reporter-output>
          </reporter-output>
        </test-method> <!-- setUp -->
        <test-method signature="loginFailCaseInvalidEmailAddress(java.lang.String, java.lang.String)[pri:0, instance:Cases@152aa092]" started-at="2022-03-09T20:58:12Z" name="loginFailCaseInvalidEmailAddress" finished-at="2022-03-09T20:58:18Z" duration-ms="6003" status="FAIL">
          <params>
            <param index="0">
              <value>
                <![CDATA[adfasfsa]]>
              </value>
            </param>
            <param index="1">
              <value>
                <![CDATA[!Q2w3e4r]]>
              </value>
            </param>
          </params>
          <exception class="java.lang.AssertionError">
            <message>
              <![CDATA[Invalid email address]]>
            </message>
            <full-stacktrace>
              <![CDATA[java.lang.AssertionError: Invalid email address
at org.junit.Assert.fail(Assert.java:88)
at org.junit.Assert.assertTrue(Assert.java:41)
at org.junit.Assert.assertFalse(Assert.java:64)
at Cases.loginFailCaseInvalidEmailAddress(Cases.java:97)
at java.base/jdk.internal.reflect.NativeMethodAccessorImpl.invoke0(Native Method)
at java.base/jdk.internal.reflect.NativeMethodAccessorImpl.invoke(NativeMethodAccessorImpl.java:64)
at java.base/jdk.internal.reflect.DelegatingMethodAccessorImpl.invoke(DelegatingMethodAccessorImpl.java:43)
at java.base/java.lang.reflect.Method.invoke(Method.java:564)
at org.testng.internal.MethodInvocationHelper.invokeMethod(MethodInvocationHelper.java:124)
at org.testng.internal.Invoker.invokeMethod(Invoker.java:583)
at org.testng.internal.Invoker.invokeTestMethod(Invoker.java:719)
at org.testng.internal.Invoker.invokeTestMethods(Invoker.java:989)
at org.testng.internal.TestMethodWorker.invokeTestMethods(TestMethodWorker.java:125)
at org.testng.internal.TestMethodWorker.run(TestMethodWorker.java:109)
at org.testng.TestRunner.privateRun(TestRunner.java:648)
at org.testng.TestRunner.run(TestRunner.java:505)
at org.testng.SuiteRunner.runTest(SuiteRunner.java:455)
at org.testng.SuiteRunner.access$000(SuiteRunner.java:40)
at org.testng.SuiteRunner$SuiteWorker.run(SuiteRunner.java:489)
at org.testng.internal.thread.ThreadUtil$1.call(ThreadUtil.java:52)
at java.base/java.util.concurrent.FutureTask.run(FutureTask.java:264)
at java.base/java.util.concurrent.ThreadPoolExecutor.runWorker(ThreadPoolExecutor.java:1130)
at java.base/java.util.concurrent.ThreadPoolExecutor$Worker.run(ThreadPoolExecutor.java:630)
at java.base/java.lang.Thread.run(Thread.java:832)
]]>
            </full-stacktrace>
          </exception> <!-- java.lang.AssertionError -->
          <reporter-output>
          </reporter-output>
        </test-method> <!-- loginFailCaseInvalidEmailAddress -->
        <test-method is-config="true" signature="tearDown()[pri:0, instance:Cases@152aa092]" started-at="2022-03-09T20:58:18Z" name="tearDown" finished-at="2022-03-09T20:58:18Z" duration-ms="85" status="PASS">
          <reporter-output>
          </reporter-output>
        </test-method> <!-- tearDown -->
        <test-method is-config="true" signature="setUp()[pri:0, instance:Cases@152aa092]" started-at="2022-03-09T20:58:18Z" name="setUp" finished-at="2022-03-09T20:58:24Z" duration-ms="5929" status="PASS">
          <reporter-output>
          </reporter-output>
        </test-method> <!-- setUp -->
        <test-method signature="happyPathScenario(java.lang.String, java.lang.String, java.lang.String)[pri:0, instance:Cases@152aa092]" started-at="2022-03-09T20:58:24Z" name="happyPathScenario" finished-at="2022-03-09T20:59:24Z" duration-ms="60422" status="PASS">
          <params>
            <param index="0">
              <value>
                <![CDATA[biteschallenge@yopmail.com]]>
              </value>
            </param>
            <param index="1">
              <value>
                <![CDATA[!Q2w3e4r]]>
              </value>
            </param>
            <param index="2">
              <value>
                <![CDATA[Printed Dress]]>
              </value>
            </param>
          </params>
          <reporter-output>
          </reporter-output>
        </test-method> <!-- happyPathScenario -->
        <test-method is-config="true" signature="tearDown()[pri:0, instance:Cases@152aa092]" started-at="2022-03-09T20:59:24Z" name="tearDown" finished-at="2022-03-09T20:59:25Z" duration-ms="104" status="PASS">
          <reporter-output>
          </reporter-output>
        </test-method> <!-- tearDown -->
      </class> <!-- Cases -->
    </test> <!-- /Users/dogukanmermutlu/IdeaProjects/BitesChallenge -->
  </suite> <!-- All Test Suite -->
</testng-results>
